{"contracts\\ERC20Mock.sol":{"l":{"10":74},"path":"D:\\Work\\Git\\yield-farming\\yield-farming\\contracts\\ERC20Mock.sol","s":{"1":74},"b":{},"f":{"1":117,"2":74},"fnMap":{"1":{"name":"constructor","line":7,"loc":{"start":{"line":7,"column":4},"end":{"line":7,"column":79}}},"2":{"name":"mint","line":9,"loc":{"start":{"line":9,"column":4},"end":{"line":11,"column":4}}}},"statementMap":{"1":{"start":{"line":10,"column":8},"end":{"line":10,"column":24}}},"branchMap":{}},"contracts\\FarmingYield.sol":{"l":{"64":39,"65":39,"66":39,"67":39,"68":39,"69":39,"70":39,"71":39,"72":39,"73":39,"77":39,"79":39,"80":10,"81":10,"83":29,"84":29,"85":29,"87":29,"88":29,"89":29,"93":29,"97":29,"101":31,"102":30,"103":30,"105":30,"106":17,"109":17,"110":17,"111":17,"115":17,"121":30,"122":30,"123":30,"125":30,"127":30,"128":30,"129":30,"130":30,"131":30,"135":9,"136":8,"137":8,"138":8,"143":7,"144":7,"147":7,"148":7,"149":7,"153":7,"158":7,"159":7,"160":7,"161":7,"162":7,"164":7,"168":2,"169":2,"170":2,"174":2,"175":2,"176":2,"177":2,"178":2,"179":2,"181":2,"182":2,"183":2,"187":8,"188":8,"189":8,"190":21,"191":21,"192":17,"194":4,"195":4,"198":8,"199":8,"205":26,"206":26},"path":"D:\\Work\\Git\\yield-farming\\yield-farming\\contracts\\FarmingYield.sol","s":{"1":39,"2":39,"3":39,"4":39,"5":39,"6":39,"7":39,"8":39,"9":39,"10":39,"11":39,"12":39,"13":10,"14":10,"15":29,"16":29,"17":29,"18":29,"19":29,"20":29,"21":29,"22":29,"23":31,"24":30,"25":30,"26":30,"27":17,"28":17,"29":17,"30":17,"31":17,"32":30,"33":30,"34":30,"35":30,"36":30,"37":30,"38":30,"39":30,"40":30,"41":9,"42":8,"43":8,"44":8,"45":7,"46":7,"47":7,"48":7,"49":7,"50":7,"51":7,"52":7,"53":7,"54":7,"55":7,"56":7,"57":2,"58":2,"59":2,"60":2,"61":2,"62":2,"63":2,"64":2,"65":2,"66":2,"67":2,"68":2,"69":8,"70":8,"71":8,"72":21,"73":21,"74":17,"75":4,"76":8,"77":4,"78":8,"79":26,"80":26},"b":{"1":[10,29],"2":[30,1],"3":[17,13],"4":[8,1],"5":[7,1],"6":[17,4],"7":[4,4]},"f":{"1":39,"2":39,"3":31,"4":9,"5":2,"6":8,"7":26},"fnMap":{"1":{"name":"constructor","line":54,"loc":{"start":{"line":54,"column":4},"end":{"line":74,"column":4}}},"2":{"name":"update","line":76,"loc":{"start":{"line":76,"column":4},"end":{"line":98,"column":4}}},"3":{"name":"deposit","line":100,"loc":{"start":{"line":100,"column":4},"end":{"line":132,"column":4}}},"4":{"name":"withdraw","line":134,"loc":{"start":{"line":134,"column":4},"end":{"line":165,"column":4}}},"5":{"name":"claim","line":167,"loc":{"start":{"line":167,"column":4},"end":{"line":184,"column":4}}},"6":{"name":"getFundInfo","line":186,"loc":{"start":{"line":186,"column":4},"end":{"line":200,"column":4}}},"7":{"name":"pendingReward","line":202,"loc":{"start":{"line":202,"column":4},"end":{"line":210,"column":4}}}},"statementMap":{"1":{"start":{"line":64,"column":8},"end":{"line":64,"column":35}},"2":{"start":{"line":65,"column":8},"end":{"line":65,"column":35}},"3":{"start":{"line":66,"column":8},"end":{"line":66,"column":35}},"4":{"start":{"line":67,"column":8},"end":{"line":67,"column":31}},"5":{"start":{"line":68,"column":8},"end":{"line":68,"column":27}},"6":{"start":{"line":69,"column":8},"end":{"line":69,"column":41}},"7":{"start":{"line":70,"column":8},"end":{"line":70,"column":41}},"8":{"start":{"line":71,"column":8},"end":{"line":71,"column":37}},"9":{"start":{"line":72,"column":8},"end":{"line":72,"column":29}},"10":{"start":{"line":73,"column":8},"end":{"line":73,"column":31}},"11":{"start":{"line":77,"column":8},"end":{"line":77,"column":69}},"12":{"start":{"line":79,"column":8},"end":{"line":79,"column":2445}},"13":{"start":{"line":80,"column":12},"end":{"line":80,"column":41}},"14":{"start":{"line":81,"column":12},"end":{"line":81,"column":18}},"15":{"start":{"line":83,"column":8},"end":{"line":83,"column":59}},"16":{"start":{"line":84,"column":8},"end":{"line":84,"column":54}},"17":{"start":{"line":85,"column":8},"end":{"line":85,"column":54}},"18":{"start":{"line":87,"column":8},"end":{"line":87,"column":48}},"19":{"start":{"line":88,"column":8},"end":{"line":88,"column":48}},"20":{"start":{"line":89,"column":8},"end":{"line":89,"column":2855}},"21":{"start":{"line":93,"column":8},"end":{"line":93,"column":2979}},"22":{"start":{"line":97,"column":8},"end":{"line":97,"column":37}},"23":{"start":{"line":101,"column":8},"end":{"line":101,"column":59}},"24":{"start":{"line":102,"column":8},"end":{"line":102,"column":52}},"25":{"start":{"line":103,"column":8},"end":{"line":103,"column":15}},"26":{"start":{"line":105,"column":8},"end":{"line":105,"column":3323}},"27":{"start":{"line":106,"column":12},"end":{"line":106,"column":3364}},"28":{"start":{"line":109,"column":12},"end":{"line":109,"column":71}},"29":{"start":{"line":110,"column":12},"end":{"line":110,"column":71}},"30":{"start":{"line":111,"column":12},"end":{"line":111,"column":3636}},"31":{"start":{"line":115,"column":12},"end":{"line":115,"column":3779}},"32":{"start":{"line":121,"column":8},"end":{"line":121,"column":49}},"33":{"start":{"line":122,"column":8},"end":{"line":122,"column":40}},"34":{"start":{"line":123,"column":8},"end":{"line":123,"column":67}},"35":{"start":{"line":125,"column":8},"end":{"line":125,"column":43}},"36":{"start":{"line":127,"column":8},"end":{"line":127,"column":44}},"37":{"start":{"line":128,"column":8},"end":{"line":128,"column":67}},"38":{"start":{"line":129,"column":8},"end":{"line":129,"column":67}},"39":{"start":{"line":130,"column":8},"end":{"line":130,"column":63}},"40":{"start":{"line":131,"column":8},"end":{"line":131,"column":43}},"41":{"start":{"line":135,"column":8},"end":{"line":135,"column":59}},"42":{"start":{"line":136,"column":8},"end":{"line":136,"column":52}},"43":{"start":{"line":137,"column":8},"end":{"line":137,"column":61}},"44":{"start":{"line":138,"column":8},"end":{"line":138,"column":4686}},"45":{"start":{"line":143,"column":8},"end":{"line":143,"column":15}},"46":{"start":{"line":144,"column":8},"end":{"line":144,"column":4841}},"47":{"start":{"line":147,"column":8},"end":{"line":147,"column":67}},"48":{"start":{"line":148,"column":8},"end":{"line":148,"column":67}},"49":{"start":{"line":149,"column":8},"end":{"line":149,"column":5093}},"50":{"start":{"line":153,"column":8},"end":{"line":153,"column":5220}},"51":{"start":{"line":158,"column":8},"end":{"line":158,"column":41}},"52":{"start":{"line":159,"column":8},"end":{"line":159,"column":34}},"53":{"start":{"line":160,"column":8},"end":{"line":160,"column":67}},"54":{"start":{"line":161,"column":8},"end":{"line":161,"column":67}},"55":{"start":{"line":162,"column":8},"end":{"line":162,"column":48}},"56":{"start":{"line":164,"column":8},"end":{"line":164,"column":41}},"57":{"start":{"line":168,"column":8},"end":{"line":168,"column":52}},"58":{"start":{"line":169,"column":8},"end":{"line":169,"column":15}},"59":{"start":{"line":170,"column":8},"end":{"line":170,"column":5795}},"60":{"start":{"line":174,"column":8},"end":{"line":174,"column":67}},"61":{"start":{"line":175,"column":8},"end":{"line":175,"column":67}},"62":{"start":{"line":176,"column":8},"end":{"line":176,"column":68}},"63":{"start":{"line":177,"column":8},"end":{"line":177,"column":68}},"64":{"start":{"line":178,"column":8},"end":{"line":178,"column":56}},"65":{"start":{"line":179,"column":8},"end":{"line":179,"column":56}},"66":{"start":{"line":181,"column":8},"end":{"line":181,"column":67}},"67":{"start":{"line":182,"column":8},"end":{"line":182,"column":67}},"68":{"start":{"line":183,"column":8},"end":{"line":183,"column":62}},"69":{"start":{"line":187,"column":8},"end":{"line":187,"column":47}},"70":{"start":{"line":188,"column":8},"end":{"line":188,"column":17}},"71":{"start":{"line":189,"column":8},"end":{"line":189,"column":6707}},"72":{"start":{"line":190,"column":12},"end":{"line":190,"column":79}},"73":{"start":{"line":191,"column":12},"end":{"line":191,"column":6866}},"74":{"start":{"line":192,"column":16},"end":{"line":192,"column":59}},"75":{"start":{"line":194,"column":16},"end":{"line":194,"column":35}},"76":{"start":{"line":198,"column":8},"end":{"line":198,"column":59}},"77":{"start":{"line":198,"column":39},"end":{"line":198,"column":58}},"78":{"start":{"line":199,"column":8},"end":{"line":199,"column":67}},"79":{"start":{"line":205,"column":8},"end":{"line":205,"column":47}},"80":{"start":{"line":206,"column":8},"end":{"line":206,"column":7366}}},"branchMap":{"1":{"line":79,"type":"if","locations":[{"start":{"line":79,"column":8},"end":{"line":79,"column":8}},{"start":{"line":79,"column":8},"end":{"line":79,"column":8}}]},"2":{"line":101,"type":"if","locations":[{"start":{"line":101,"column":8},"end":{"line":101,"column":8}},{"start":{"line":101,"column":8},"end":{"line":101,"column":8}}]},"3":{"line":105,"type":"if","locations":[{"start":{"line":105,"column":8},"end":{"line":105,"column":8}},{"start":{"line":105,"column":8},"end":{"line":105,"column":8}}]},"4":{"line":135,"type":"if","locations":[{"start":{"line":135,"column":8},"end":{"line":135,"column":8}},{"start":{"line":135,"column":8},"end":{"line":135,"column":8}}]},"5":{"line":138,"type":"if","locations":[{"start":{"line":138,"column":8},"end":{"line":138,"column":8}},{"start":{"line":138,"column":8},"end":{"line":138,"column":8}}]},"6":{"line":191,"type":"if","locations":[{"start":{"line":191,"column":12},"end":{"line":191,"column":12}},{"start":{"line":191,"column":12},"end":{"line":191,"column":12}}]},"7":{"line":198,"type":"if","locations":[{"start":{"line":198,"column":8},"end":{"line":198,"column":8}},{"start":{"line":198,"column":8},"end":{"line":198,"column":8}}]}}}}