{"contracts\\ERC20Mock.sol":{"l":{"10":24},"path":"D:\\Work\\Git\\yield-farming\\yield-farming\\contracts\\ERC20Mock.sol","s":{"1":24},"b":{},"f":{"1":99,"2":24},"fnMap":{"1":{"name":"constructor","line":7,"loc":{"start":{"line":7,"column":4},"end":{"line":7,"column":79}}},"2":{"name":"mint","line":9,"loc":{"start":{"line":9,"column":4},"end":{"line":11,"column":4}}}},"statementMap":{"1":{"start":{"line":10,"column":8},"end":{"line":10,"column":24}}},"branchMap":{}},"contracts\\FarmingYield.sol":{"l":{"60":33,"61":33,"62":33,"63":33,"64":33,"65":33,"66":33,"67":33,"68":33,"69":33,"75":8,"76":8,"83":16,"85":16,"86":8,"87":8,"89":8,"90":8,"91":8,"93":8,"94":8,"95":8,"98":8,"101":8,"105":12,"106":11,"107":11,"108":11,"109":3,"112":3,"113":3,"114":3,"118":3,"124":11,"125":11,"126":11,"128":11,"130":11,"131":11,"132":11,"133":11,"134":11,"138":4,"139":4,"140":4,"141":7,"142":7,"143":1,"145":4,"149":5,"150":4,"151":4,"152":4,"156":3,"157":3,"160":3,"161":3,"163":3,"167":3,"172":3,"173":3,"174":3,"175":3,"176":3,"180":2,"181":2,"182":2,"186":2,"187":2,"188":2,"189":2,"190":2,"191":2,"193":2,"194":2,"195":2},"path":"D:\\Work\\Git\\yield-farming\\yield-farming\\contracts\\FarmingYield.sol","s":{"1":33,"2":33,"3":33,"4":33,"5":33,"6":33,"7":33,"8":33,"9":33,"10":33,"11":8,"12":8,"13":16,"14":16,"15":8,"16":8,"17":8,"18":8,"19":8,"20":8,"21":8,"22":8,"23":8,"24":8,"25":12,"26":11,"27":11,"28":11,"29":3,"30":3,"31":3,"32":3,"33":3,"34":11,"35":11,"36":11,"37":11,"38":11,"39":11,"40":11,"41":11,"42":11,"43":4,"44":4,"45":4,"46":7,"47":7,"48":1,"49":4,"50":5,"51":4,"52":4,"53":4,"54":3,"55":3,"56":3,"57":3,"58":3,"59":3,"60":3,"61":3,"62":3,"63":3,"64":3,"65":2,"66":2,"67":2,"68":2,"69":2,"70":2,"71":2,"72":2,"73":2,"74":2,"75":2,"76":2},"b":{"1":[8,8],"2":[11,1],"3":[3,8],"4":[1,6],"5":[4,1],"6":[3,1]},"f":{"1":33,"2":8,"3":16,"4":12,"5":4,"6":5,"7":2},"fnMap":{"1":{"name":"constructor","line":50,"loc":{"start":{"line":50,"column":4},"end":{"line":70,"column":4}}},"2":{"name":"pendingReward","line":72,"loc":{"start":{"line":72,"column":4},"end":{"line":80,"column":4}}},"3":{"name":"update","line":82,"loc":{"start":{"line":82,"column":4},"end":{"line":102,"column":4}}},"4":{"name":"deposit","line":104,"loc":{"start":{"line":104,"column":4},"end":{"line":135,"column":4}}},"5":{"name":"getFundInfo","line":137,"loc":{"start":{"line":137,"column":4},"end":{"line":146,"column":4}}},"6":{"name":"withdraw","line":148,"loc":{"start":{"line":148,"column":4},"end":{"line":177,"column":4}}},"7":{"name":"claim","line":179,"loc":{"start":{"line":179,"column":4},"end":{"line":196,"column":4}}}},"statementMap":{"1":{"start":{"line":60,"column":8},"end":{"line":60,"column":35}},"2":{"start":{"line":61,"column":8},"end":{"line":61,"column":35}},"3":{"start":{"line":62,"column":8},"end":{"line":62,"column":35}},"4":{"start":{"line":63,"column":8},"end":{"line":63,"column":31}},"5":{"start":{"line":64,"column":8},"end":{"line":64,"column":27}},"6":{"start":{"line":65,"column":8},"end":{"line":65,"column":41}},"7":{"start":{"line":66,"column":8},"end":{"line":66,"column":41}},"8":{"start":{"line":67,"column":8},"end":{"line":67,"column":37}},"9":{"start":{"line":68,"column":8},"end":{"line":68,"column":29}},"10":{"start":{"line":69,"column":8},"end":{"line":69,"column":31}},"11":{"start":{"line":75,"column":8},"end":{"line":75,"column":47}},"12":{"start":{"line":76,"column":8},"end":{"line":76,"column":2404}},"13":{"start":{"line":83,"column":8},"end":{"line":83,"column":69}},"14":{"start":{"line":85,"column":8},"end":{"line":85,"column":2711}},"15":{"start":{"line":86,"column":12},"end":{"line":86,"column":41}},"16":{"start":{"line":87,"column":12},"end":{"line":87,"column":18}},"17":{"start":{"line":89,"column":8},"end":{"line":89,"column":62}},"18":{"start":{"line":90,"column":8},"end":{"line":90,"column":57}},"19":{"start":{"line":91,"column":8},"end":{"line":91,"column":57}},"20":{"start":{"line":93,"column":8},"end":{"line":93,"column":48}},"21":{"start":{"line":94,"column":8},"end":{"line":94,"column":48}},"22":{"start":{"line":95,"column":8},"end":{"line":95,"column":3114}},"23":{"start":{"line":98,"column":8},"end":{"line":98,"column":3230}},"24":{"start":{"line":101,"column":8},"end":{"line":101,"column":37}},"25":{"start":{"line":105,"column":8},"end":{"line":105,"column":59}},"26":{"start":{"line":106,"column":8},"end":{"line":106,"column":52}},"27":{"start":{"line":107,"column":8},"end":{"line":107,"column":15}},"28":{"start":{"line":108,"column":8},"end":{"line":108,"column":3580}},"29":{"start":{"line":109,"column":12},"end":{"line":109,"column":3621}},"30":{"start":{"line":112,"column":12},"end":{"line":112,"column":75}},"31":{"start":{"line":113,"column":12},"end":{"line":113,"column":75}},"32":{"start":{"line":114,"column":12},"end":{"line":114,"column":3901}},"33":{"start":{"line":118,"column":12},"end":{"line":118,"column":4051}},"34":{"start":{"line":124,"column":8},"end":{"line":124,"column":49}},"35":{"start":{"line":125,"column":8},"end":{"line":125,"column":40}},"36":{"start":{"line":126,"column":8},"end":{"line":126,"column":67}},"37":{"start":{"line":128,"column":8},"end":{"line":128,"column":43}},"38":{"start":{"line":130,"column":8},"end":{"line":130,"column":47}},"39":{"start":{"line":131,"column":8},"end":{"line":131,"column":71}},"40":{"start":{"line":132,"column":8},"end":{"line":132,"column":71}},"41":{"start":{"line":133,"column":8},"end":{"line":133,"column":63}},"42":{"start":{"line":134,"column":8},"end":{"line":134,"column":43}},"43":{"start":{"line":138,"column":8},"end":{"line":138,"column":47}},"44":{"start":{"line":139,"column":8},"end":{"line":139,"column":32}},"45":{"start":{"line":140,"column":8},"end":{"line":140,"column":4913}},"46":{"start":{"line":141,"column":12},"end":{"line":141,"column":79}},"47":{"start":{"line":142,"column":12},"end":{"line":142,"column":5108}},"48":{"start":{"line":143,"column":16},"end":{"line":143,"column":54}},"49":{"start":{"line":145,"column":8},"end":{"line":145,"column":57}},"50":{"start":{"line":149,"column":8},"end":{"line":149,"column":59}},"51":{"start":{"line":150,"column":8},"end":{"line":150,"column":52}},"52":{"start":{"line":151,"column":8},"end":{"line":151,"column":61}},"53":{"start":{"line":152,"column":8},"end":{"line":152,"column":5468}},"54":{"start":{"line":156,"column":8},"end":{"line":156,"column":15}},"55":{"start":{"line":157,"column":8},"end":{"line":157,"column":5621}},"56":{"start":{"line":160,"column":8},"end":{"line":160,"column":71}},"57":{"start":{"line":161,"column":8},"end":{"line":161,"column":71}},"58":{"start":{"line":163,"column":8},"end":{"line":163,"column":5883}},"59":{"start":{"line":167,"column":8},"end":{"line":167,"column":6017}},"60":{"start":{"line":172,"column":8},"end":{"line":172,"column":44}},"61":{"start":{"line":173,"column":8},"end":{"line":173,"column":71}},"62":{"start":{"line":174,"column":8},"end":{"line":174,"column":71}},"63":{"start":{"line":175,"column":8},"end":{"line":175,"column":48}},"64":{"start":{"line":176,"column":8},"end":{"line":176,"column":41}},"65":{"start":{"line":180,"column":8},"end":{"line":180,"column":52}},"66":{"start":{"line":181,"column":8},"end":{"line":181,"column":15}},"67":{"start":{"line":182,"column":8},"end":{"line":182,"column":6562}},"68":{"start":{"line":186,"column":8},"end":{"line":186,"column":71}},"69":{"start":{"line":187,"column":8},"end":{"line":187,"column":71}},"70":{"start":{"line":188,"column":8},"end":{"line":188,"column":75}},"71":{"start":{"line":189,"column":8},"end":{"line":189,"column":75}},"72":{"start":{"line":190,"column":8},"end":{"line":190,"column":56}},"73":{"start":{"line":191,"column":8},"end":{"line":191,"column":56}},"74":{"start":{"line":193,"column":8},"end":{"line":193,"column":71}},"75":{"start":{"line":194,"column":8},"end":{"line":194,"column":71}},"76":{"start":{"line":195,"column":8},"end":{"line":195,"column":62}}},"branchMap":{"1":{"line":85,"type":"if","locations":[{"start":{"line":85,"column":8},"end":{"line":85,"column":8}},{"start":{"line":85,"column":8},"end":{"line":85,"column":8}}]},"2":{"line":105,"type":"if","locations":[{"start":{"line":105,"column":8},"end":{"line":105,"column":8}},{"start":{"line":105,"column":8},"end":{"line":105,"column":8}}]},"3":{"line":108,"type":"if","locations":[{"start":{"line":108,"column":8},"end":{"line":108,"column":8}},{"start":{"line":108,"column":8},"end":{"line":108,"column":8}}]},"4":{"line":142,"type":"if","locations":[{"start":{"line":142,"column":12},"end":{"line":142,"column":12}},{"start":{"line":142,"column":12},"end":{"line":142,"column":12}}]},"5":{"line":149,"type":"if","locations":[{"start":{"line":149,"column":8},"end":{"line":149,"column":8}},{"start":{"line":149,"column":8},"end":{"line":149,"column":8}}]},"6":{"line":152,"type":"if","locations":[{"start":{"line":152,"column":8},"end":{"line":152,"column":8}},{"start":{"line":152,"column":8},"end":{"line":152,"column":8}}]}}}}