{"contracts\\ERC20Mock.sol":{"l":{"10":18},"path":"D:\\Work\\Git\\yield-farming\\yield-farming\\contracts\\ERC20Mock.sol","s":{"1":18},"b":{},"f":{"1":99,"2":18},"fnMap":{"1":{"name":"constructor","line":7,"loc":{"start":{"line":7,"column":4},"end":{"line":7,"column":79}}},"2":{"name":"mint","line":9,"loc":{"start":{"line":9,"column":4},"end":{"line":11,"column":4}}}},"statementMap":{"1":{"start":{"line":10,"column":8},"end":{"line":10,"column":24}}},"branchMap":{}},"contracts\\FarmingYield.sol":{"l":{"56":33,"57":33,"58":33,"59":33,"60":33,"61":33,"62":33,"63":33,"64":33,"70":5,"72":5,"79":13,"81":13,"82":8,"83":8,"85":5,"86":5,"87":5,"90":5,"91":5,"92":5,"95":5,"99":5,"103":10,"104":9,"105":9,"106":9,"107":1,"111":1,"112":1,"113":1,"117":1,"123":9,"124":9,"125":9,"127":9,"129":9,"130":9,"131":9,"132":9,"134":9,"138":4,"139":3,"140":3,"144":2,"145":2,"151":2,"152":2,"153":2,"157":2,"162":2,"163":2,"164":2,"165":2,"166":2,"170":2,"172":2,"173":2,"177":2,"178":2,"179":2,"183":2,"188":2,"189":2,"192":2},"path":"D:\\Work\\Git\\yield-farming\\yield-farming\\contracts\\FarmingYield.sol","s":{"1":33,"2":33,"3":33,"4":33,"5":33,"6":33,"7":33,"8":33,"9":33,"10":5,"11":5,"12":13,"13":13,"14":8,"15":8,"16":5,"17":5,"18":5,"19":5,"20":5,"21":5,"22":5,"23":5,"24":10,"25":9,"26":9,"27":9,"28":1,"29":1,"30":1,"31":1,"32":1,"33":9,"34":9,"35":9,"36":9,"37":9,"38":9,"39":9,"40":9,"41":9,"42":4,"43":3,"44":3,"45":2,"46":2,"47":2,"48":2,"49":2,"50":2,"51":2,"52":2,"53":2,"54":2,"55":2,"56":2,"57":2,"58":2,"59":2,"60":2,"61":2,"62":2,"63":2,"64":2,"65":2},"b":{"1":[8,5],"2":[9,1],"3":[1,8],"4":[3,1],"5":[2,1]},"f":{"1":33,"2":5,"3":13,"4":10,"5":4,"6":2},"fnMap":{"1":{"name":"constructor","line":47,"loc":{"start":{"line":47,"column":4},"end":{"line":65,"column":4}}},"2":{"name":"pendingReward","line":67,"loc":{"start":{"line":67,"column":4},"end":{"line":76,"column":4}}},"3":{"name":"update","line":78,"loc":{"start":{"line":78,"column":4},"end":{"line":100,"column":4}}},"4":{"name":"deposit","line":102,"loc":{"start":{"line":102,"column":4},"end":{"line":135,"column":4}}},"5":{"name":"withdraw","line":137,"loc":{"start":{"line":137,"column":4},"end":{"line":167,"column":4}}},"6":{"name":"claim","line":169,"loc":{"start":{"line":169,"column":4},"end":{"line":193,"column":4}}}},"statementMap":{"1":{"start":{"line":56,"column":8},"end":{"line":56,"column":35}},"2":{"start":{"line":57,"column":8},"end":{"line":57,"column":35}},"3":{"start":{"line":58,"column":8},"end":{"line":58,"column":35}},"4":{"start":{"line":59,"column":8},"end":{"line":59,"column":31}},"5":{"start":{"line":60,"column":8},"end":{"line":60,"column":27}},"6":{"start":{"line":61,"column":8},"end":{"line":61,"column":41}},"7":{"start":{"line":62,"column":8},"end":{"line":62,"column":41}},"8":{"start":{"line":63,"column":8},"end":{"line":63,"column":37}},"9":{"start":{"line":64,"column":8},"end":{"line":64,"column":29}},"10":{"start":{"line":70,"column":8},"end":{"line":70,"column":47}},"11":{"start":{"line":72,"column":8},"end":{"line":72,"column":2346}},"12":{"start":{"line":79,"column":8},"end":{"line":79,"column":69}},"13":{"start":{"line":81,"column":8},"end":{"line":81,"column":2653}},"14":{"start":{"line":82,"column":12},"end":{"line":82,"column":41}},"15":{"start":{"line":83,"column":12},"end":{"line":83,"column":18}},"16":{"start":{"line":85,"column":8},"end":{"line":85,"column":62}},"17":{"start":{"line":86,"column":8},"end":{"line":86,"column":57}},"18":{"start":{"line":87,"column":8},"end":{"line":87,"column":57}},"19":{"start":{"line":90,"column":8},"end":{"line":90,"column":48}},"20":{"start":{"line":91,"column":8},"end":{"line":91,"column":48}},"21":{"start":{"line":92,"column":8},"end":{"line":92,"column":3117}},"22":{"start":{"line":95,"column":8},"end":{"line":95,"column":3233}},"23":{"start":{"line":99,"column":8},"end":{"line":99,"column":37}},"24":{"start":{"line":103,"column":8},"end":{"line":103,"column":59}},"25":{"start":{"line":104,"column":8},"end":{"line":104,"column":52}},"26":{"start":{"line":105,"column":8},"end":{"line":105,"column":15}},"27":{"start":{"line":106,"column":8},"end":{"line":106,"column":3628}},"28":{"start":{"line":107,"column":12},"end":{"line":107,"column":3669}},"29":{"start":{"line":111,"column":12},"end":{"line":111,"column":75}},"30":{"start":{"line":112,"column":12},"end":{"line":112,"column":75}},"31":{"start":{"line":113,"column":12},"end":{"line":113,"column":3984}},"32":{"start":{"line":117,"column":12},"end":{"line":117,"column":4134}},"33":{"start":{"line":123,"column":8},"end":{"line":123,"column":49}},"34":{"start":{"line":124,"column":8},"end":{"line":124,"column":40}},"35":{"start":{"line":125,"column":8},"end":{"line":125,"column":67}},"36":{"start":{"line":127,"column":8},"end":{"line":127,"column":43}},"37":{"start":{"line":129,"column":8},"end":{"line":129,"column":47}},"38":{"start":{"line":130,"column":8},"end":{"line":130,"column":71}},"39":{"start":{"line":131,"column":8},"end":{"line":131,"column":71}},"40":{"start":{"line":132,"column":8},"end":{"line":132,"column":55}},"41":{"start":{"line":134,"column":8},"end":{"line":134,"column":43}},"42":{"start":{"line":138,"column":8},"end":{"line":138,"column":59}},"43":{"start":{"line":139,"column":8},"end":{"line":139,"column":52}},"44":{"start":{"line":140,"column":8},"end":{"line":140,"column":5063}},"45":{"start":{"line":144,"column":8},"end":{"line":144,"column":15}},"46":{"start":{"line":145,"column":8},"end":{"line":145,"column":5241}},"47":{"start":{"line":151,"column":8},"end":{"line":151,"column":71}},"48":{"start":{"line":152,"column":8},"end":{"line":152,"column":71}},"49":{"start":{"line":153,"column":8},"end":{"line":153,"column":5657}},"50":{"start":{"line":157,"column":8},"end":{"line":157,"column":5791}},"51":{"start":{"line":162,"column":8},"end":{"line":162,"column":44}},"52":{"start":{"line":163,"column":8},"end":{"line":163,"column":71}},"53":{"start":{"line":164,"column":8},"end":{"line":164,"column":71}},"54":{"start":{"line":165,"column":8},"end":{"line":165,"column":48}},"55":{"start":{"line":166,"column":8},"end":{"line":166,"column":41}},"56":{"start":{"line":170,"column":8},"end":{"line":170,"column":52}},"57":{"start":{"line":172,"column":8},"end":{"line":172,"column":15}},"58":{"start":{"line":173,"column":8},"end":{"line":173,"column":6392}},"59":{"start":{"line":177,"column":8},"end":{"line":177,"column":71}},"60":{"start":{"line":178,"column":8},"end":{"line":178,"column":71}},"61":{"start":{"line":179,"column":8},"end":{"line":179,"column":6683}},"62":{"start":{"line":183,"column":8},"end":{"line":183,"column":6817}},"63":{"start":{"line":188,"column":8},"end":{"line":188,"column":71}},"64":{"start":{"line":189,"column":8},"end":{"line":189,"column":71}},"65":{"start":{"line":192,"column":8},"end":{"line":192,"column":62}}},"branchMap":{"1":{"line":81,"type":"if","locations":[{"start":{"line":81,"column":8},"end":{"line":81,"column":8}},{"start":{"line":81,"column":8},"end":{"line":81,"column":8}}]},"2":{"line":103,"type":"if","locations":[{"start":{"line":103,"column":8},"end":{"line":103,"column":8}},{"start":{"line":103,"column":8},"end":{"line":103,"column":8}}]},"3":{"line":106,"type":"if","locations":[{"start":{"line":106,"column":8},"end":{"line":106,"column":8}},{"start":{"line":106,"column":8},"end":{"line":106,"column":8}}]},"4":{"line":138,"type":"if","locations":[{"start":{"line":138,"column":8},"end":{"line":138,"column":8}},{"start":{"line":138,"column":8},"end":{"line":138,"column":8}}]},"5":{"line":140,"type":"if","locations":[{"start":{"line":140,"column":8},"end":{"line":140,"column":8}},{"start":{"line":140,"column":8},"end":{"line":140,"column":8}}]}}}}