{
"contracts\\ERC20Mock.sol":{"l":{"10":16},"path":"D:\\Work\\Solidity\\Hardhat\\contracts\\ERC20Mock.sol","s":{"1":16},"b":{},"f":{"1":36,"2":16},"fnMap":{"1":{"name":"constructor","line":7,"loc":{"start":{"line":7,"column":4},"end":{"line":7,"column":79}}},"2":{"name":"mint","line":9,"loc":{"start":{"line":9,"column":4},"end":{"line":11,"column":4}}}},"statementMap":{"1":{"start":{"line":10,"column":8},"end":{"line":10,"column":24}}},"branchMap":{}},
"contracts\\YieldFarming.sol":{"l":{"39":12,"40":12,"41":12,"42":12,"43":12,"44":12,"45":12,"46":12,"47":12,"51":3,"52":3,"53":3,"54":3,"58":2,"59":2,"60":3,"61":3,"62":1,"64":2,"68":7,"69":6,"70":6,"71":6,"73":6,"74":6,"75":6,"76":6,"77":6,"78":6,"79":6,"83":3,"84":2,"85":2,"86":1,"88":1,"89":1,"90":1,"91":1,"92":1,"93":1,"94":1,"98":2,"99":2,"100":2,"101":2,"102":2,"103":2,"106":0},"path":"D:\\Work\\Solidity\\Hardhat\\contracts\\YieldFarming.sol","s":{"1":12,"2":12,"3":12,"4":12,"5":12,"6":12,"7":12,"8":12,"9":12,"10":3,"11":3,"12":3,"13":3,"14":2,"15":2,"16":3,"17":3,"18":1,"19":2,"20":7,"21":6,"22":6,"23":6,"24":6,"25":6,"26":6,"27":6,"28":6,"29":6,"30":6,"31":3,"32":2,"33":2,"34":1,"35":1,"36":1,"37":1,"38":1,"39":1,"40":1,"41":1,"42":2,"43":2,"44":2,"45":2,"46":2,"47":2,"48":0},"b":{"1":[1,2],"2":[6,1],"3":[2,1],"4":[1,1]},"f":{"1":12,"2":3,"3":2,"4":7,"5":3,"6":2,"7":0},"fnMap":{"1":{"name":"constructor","line":29,"loc":{"start":{"line":29,"column":4},"end":{"line":48,"column":4}}},"2":{"name":"pendingReward","line":50,"loc":{"start":{"line":50,"column":4},"end":{"line":55,"column":4}}},"3":{"name":"getLockedAmount","line":57,"loc":{"start":{"line":57,"column":4},"end":{"line":65,"column":4}}},"4":{"name":"deposit","line":67,"loc":{"start":{"line":67,"column":4},"end":{"line":80,"column":4}}},"5":{"name":"withdraw","line":82,"loc":{"start":{"line":82,"column":4},"end":{"line":95,"column":4}}},"6":{"name":"claim","line":97,"loc":{"start":{"line":97,"column":4},"end":{"line":104,"column":4}}},"7":{"name":"setTotalProfit","line":105,"loc":{"start":{"line":105,"column":5},"end":{"line":107,"column":5}}}},"statementMap":{"1":{"start":{"line":39,"column":8},"end":{"line":39,"column":35}},"2":{"start":{"line":40,"column":8},"end":{"line":40,"column":35}},"3":{"start":{"line":41,"column":8},"end":{"line":41,"column":35}},"4":{"start":{"line":42,"column":8},"end":{"line":42,"column":31}},"5":{"start":{"line":43,"column":8},"end":{"line":43,"column":33}},"6":{"start":{"line":44,"column":8},"end":{"line":44,"column":27}},"7":{"start":{"line":45,"column":8},"end":{"line":45,"column":41}},"8":{"start":{"line":46,"column":8},"end":{"line":46,"column":41}},"9":{"start":{"line":47,"column":8},"end":{"line":47,"column":22}},"10":{"start":{"line":51,"column":8},"end":{"line":51,"column":42}},"11":{"start":{"line":52,"column":8},"end":{"line":52,"column":126}},"12":{"start":{"line":53,"column":8},"end":{"line":53,"column":126}},"13":{"start":{"line":54,"column":8},"end":{"line":54,"column":45}},"14":{"start":{"line":58,"column":8},"end":{"line":58,"column":32}},"15":{"start":{"line":59,"column":8},"end":{"line":59,"column":2231}},"16":{"start":{"line":60,"column":12},"end":{"line":60,"column":80}},"17":{"start":{"line":61,"column":12},"end":{"line":61,"column":2441}},"18":{"start":{"line":62,"column":16},"end":{"line":62,"column":56}},"19":{"start":{"line":64,"column":8},"end":{"line":64,"column":27}},"20":{"start":{"line":68,"column":8},"end":{"line":68,"column":59}},"21":{"start":{"line":69,"column":8},"end":{"line":69,"column":49}},"22":{"start":{"line":70,"column":8},"end":{"line":70,"column":40}},"23":{"start":{"line":71,"column":8},"end":{"line":71,"column":67}},"24":{"start":{"line":73,"column":8},"end":{"line":73,"column":43}},"25":{"start":{"line":74,"column":8},"end":{"line":74,"column":46}},"26":{"start":{"line":75,"column":8},"end":{"line":75,"column":58}},"27":{"start":{"line":76,"column":8},"end":{"line":76,"column":49}},"28":{"start":{"line":77,"column":8},"end":{"line":77,"column":31}},"29":{"start":{"line":78,"column":8},"end":{"line":78,"column":31}},"30":{"start":{"line":79,"column":8},"end":{"line":79,"column":40}},"31":{"start":{"line":83,"column":8},"end":{"line":83,"column":59}},"32":{"start":{"line":84,"column":8},"end":{"line":84,"column":87}},"33":{"start":{"line":85,"column":8},"end":{"line":85,"column":100}},"34":{"start":{"line":86,"column":8},"end":{"line":86,"column":70}},"35":{"start":{"line":88,"column":8},"end":{"line":88,"column":43}},"36":{"start":{"line":89,"column":8},"end":{"line":89,"column":59}},"37":{"start":{"line":90,"column":8},"end":{"line":90,"column":28}},"38":{"start":{"line":91,"column":8},"end":{"line":91,"column":48}},"39":{"start":{"line":92,"column":8},"end":{"line":92,"column":49}},"40":{"start":{"line":93,"column":8},"end":{"line":93,"column":49}},"41":{"start":{"line":94,"column":8},"end":{"line":94,"column":41}},"42":{"start":{"line":98,"column":8},"end":{"line":98,"column":70}},"43":{"start":{"line":99,"column":8},"end":{"line":99,"column":36}},"44":{"start":{"line":100,"column":8},"end":{"line":100,"column":59}},"45":{"start":{"line":101,"column":8},"end":{"line":101,"column":49}},"46":{"start":{"line":102,"column":8},"end":{"line":102,"column":49}},"47":{"start":{"line":103,"column":8},"end":{"line":103,"column":49}},"48":{"start":{"line":106,"column":9},"end":{"line":106,"column":28}}},"branchMap":{"1":{"line":61,"type":"if","locations":[{"start":{"line":61,"column":12},"end":{"line":61,"column":12}},{"start":{"line":61,"column":12},"end":{"line":61,"column":12}}]},"2":{"line":68,"type":"if","locations":[{"start":{"line":68,"column":8},"end":{"line":68,"column":8}},{"start":{"line":68,"column":8},"end":{"line":68,"column":8}}]},"3":{"line":83,"type":"if","locations":[{"start":{"line":83,"column":8},"end":{"line":83,"column":8}},{"start":{"line":83,"column":8},"end":{"line":83,"column":8}}]},"4":{"line":85,"type":"if","locations":[{"start":{"line":85,"column":8},"end":{"line":85,"column":8}},{"start":{"line":85,"column":8},"end":{"line":85,"column":8}}]}}}}
