{
"contracts\\ERC20Mock.sol":{"l":{"10":74},"path":"D:\\Work\\Git\\yield-farming\\yield-farming\\contracts\\ERC20Mock.sol","s":{"1":74},"b":{},"f":{"1":117,"2":74},"fnMap":{"1":{"name":"constructor","line":7,"loc":{"start":{"line":7,"column":4},"end":{"line":7,"column":79}}},"2":{"name":"mint","line":9,"loc":{"start":{"line":9,"column":4},"end":{"line":11,"column":4}}}},"statementMap":{"1":{"start":{"line":10,"column":8},"end":{"line":10,"column":24}}},"branchMap":{}},
"contracts\\FarmingYield.sol":{"l":{"63":39,"64":39,"65":39,"66":39,"67":39,"68":39,"69":39,"70":39,"71":39,"72":39,"103":39,"105":39,"106":10,"107":10,"109":29,"110":29,"111":29,"113":29,"114":29,"115":29,"119":29,"123":29,"127":31,"128":30,"131":30,"133":30,"134":17,"137":17,"138":17,"139":17,"143":17,"149":30,"150":30,"151":30,"153":30,"155":30,"156":30,"157":30,"158":30,"159":30,"163":9,"164":8,"166":8,"167":8,"172":7,"173":7,"176":7,"177":7,"178":7,"182":7,"187":7,"188":7,"190":7,"191":7,"192":7,"195":7,"199":2,"201":2,"202":2,"206":2,"207":2,"208":2,"209":2,"210":2,"211":2,"213":2,"214":2,"215":2,"219":8,"220":8,"221":8,"222":21,"223":21,"224":17,"226":4,"227":4,"230":8,"231":8,"237":26,"238":26},"path":"D:\\Work\\Git\\yield-farming\\yield-farming\\contracts\\FarmingYield.sol","s":{"1":39,"2":39,"3":39,"4":39,"5":39,"6":39,"7":39,"8":39,"9":39,"10":39,"11":39,"12":39,"13":10,"14":10,"15":29,"16":29,"17":29,"18":29,"19":29,"20":29,"21":29,"22":29,"23":31,"24":30,"25":30,"26":30,"27":17,"28":17,"29":17,"30":17,"31":17,"32":30,"33":30,"34":30,"35":30,"36":30,"37":30,"38":30,"39":30,"40":30,"41":9,"42":8,"43":8,"44":8,"45":7,"46":7,"47":7,"48":7,"49":7,"50":7,"51":7,"52":7,"53":7,"54":7,"55":7,"56":7,"57":2,"58":2,"59":2,"60":2,"61":2,"62":2,"63":2,"64":2,"65":2,"66":2,"67":2,"68":2,"69":8,"70":8,"71":8,"72":21,"73":21,"74":17,"75":4,"76":8,"77":4,"78":8,"79":26,"80":26},"b":{"1":[10,29],"2":[30,1],"3":[17,13],"4":[8,1],"5":[7,1],"6":[17,4],"7":[4,4]},"f":{"1":39,"2":39,"3":31,"4":9,"5":2,"6":8,"7":26},"fnMap":{"1":{"name":"constructor","line":53,"loc":{"start":{"line":53,"column":4},"end":{"line":73,"column":4}}},"2":{"name":"update","line":102,"loc":{"start":{"line":102,"column":4},"end":{"line":124,"column":4}}},"3":{"name":"deposit","line":126,"loc":{"start":{"line":126,"column":4},"end":{"line":160,"column":4}}},"4":{"name":"withdraw","line":162,"loc":{"start":{"line":162,"column":4},"end":{"line":196,"column":4}}},"5":{"name":"claim","line":198,"loc":{"start":{"line":198,"column":4},"end":{"line":216,"column":4}}},"6":{"name":"getFundInfo","line":218,"loc":{"start":{"line":218,"column":4},"end":{"line":232,"column":4}}},"7":{"name":"pendingReward","line":234,"loc":{"start":{"line":234,"column":4},"end":{"line":242,"column":4}}}},"statementMap":{"1":{"start":{"line":63,"column":8},"end":{"line":63,"column":35}},"2":{"start":{"line":64,"column":8},"end":{"line":64,"column":35}},"3":{"start":{"line":65,"column":8},"end":{"line":65,"column":35}},"4":{"start":{"line":66,"column":8},"end":{"line":66,"column":31}},"5":{"start":{"line":67,"column":8},"end":{"line":67,"column":27}},"6":{"start":{"line":68,"column":8},"end":{"line":68,"column":41}},"7":{"start":{"line":69,"column":8},"end":{"line":69,"column":41}},"8":{"start":{"line":70,"column":8},"end":{"line":70,"column":37}},"9":{"start":{"line":71,"column":8},"end":{"line":71,"column":29}},"10":{"start":{"line":72,"column":8},"end":{"line":72,"column":31}},"11":{"start":{"line":103,"column":8},"end":{"line":103,"column":69}},"12":{"start":{"line":105,"column":8},"end":{"line":105,"column":3583}},"13":{"start":{"line":106,"column":12},"end":{"line":106,"column":41}},"14":{"start":{"line":107,"column":12},"end":{"line":107,"column":18}},"15":{"start":{"line":109,"column":8},"end":{"line":109,"column":59}},"16":{"start":{"line":110,"column":8},"end":{"line":110,"column":54}},"17":{"start":{"line":111,"column":8},"end":{"line":111,"column":54}},"18":{"start":{"line":113,"column":8},"end":{"line":113,"column":48}},"19":{"start":{"line":114,"column":8},"end":{"line":114,"column":48}},"20":{"start":{"line":115,"column":8},"end":{"line":115,"column":3993}},"21":{"start":{"line":119,"column":8},"end":{"line":119,"column":4117}},"22":{"start":{"line":123,"column":8},"end":{"line":123,"column":37}},"23":{"start":{"line":127,"column":8},"end":{"line":127,"column":59}},"24":{"start":{"line":128,"column":8},"end":{"line":128,"column":52}},"25":{"start":{"line":131,"column":8},"end":{"line":131,"column":15}},"26":{"start":{"line":133,"column":8},"end":{"line":133,"column":4566}},"27":{"start":{"line":134,"column":12},"end":{"line":134,"column":4607}},"28":{"start":{"line":137,"column":12},"end":{"line":137,"column":71}},"29":{"start":{"line":138,"column":12},"end":{"line":138,"column":71}},"30":{"start":{"line":139,"column":12},"end":{"line":139,"column":4879}},"31":{"start":{"line":143,"column":12},"end":{"line":143,"column":5022}},"32":{"start":{"line":149,"column":8},"end":{"line":149,"column":49}},"33":{"start":{"line":150,"column":8},"end":{"line":150,"column":40}},"34":{"start":{"line":151,"column":8},"end":{"line":151,"column":67}},"35":{"start":{"line":153,"column":8},"end":{"line":153,"column":43}},"36":{"start":{"line":155,"column":8},"end":{"line":155,"column":44}},"37":{"start":{"line":156,"column":8},"end":{"line":156,"column":67}},"38":{"start":{"line":157,"column":8},"end":{"line":157,"column":67}},"39":{"start":{"line":158,"column":8},"end":{"line":158,"column":63}},"40":{"start":{"line":159,"column":8},"end":{"line":159,"column":43}},"41":{"start":{"line":163,"column":8},"end":{"line":163,"column":59}},"42":{"start":{"line":164,"column":8},"end":{"line":164,"column":52}},"43":{"start":{"line":166,"column":8},"end":{"line":166,"column":61}},"44":{"start":{"line":167,"column":8},"end":{"line":167,"column":5962}},"45":{"start":{"line":172,"column":8},"end":{"line":172,"column":15}},"46":{"start":{"line":173,"column":8},"end":{"line":173,"column":6117}},"47":{"start":{"line":176,"column":8},"end":{"line":176,"column":67}},"48":{"start":{"line":177,"column":8},"end":{"line":177,"column":67}},"49":{"start":{"line":178,"column":8},"end":{"line":178,"column":6369}},"50":{"start":{"line":182,"column":8},"end":{"line":182,"column":6496}},"51":{"start":{"line":187,"column":8},"end":{"line":187,"column":41}},"52":{"start":{"line":188,"column":8},"end":{"line":188,"column":34}},"53":{"start":{"line":190,"column":8},"end":{"line":190,"column":67}},"54":{"start":{"line":191,"column":8},"end":{"line":191,"column":67}},"55":{"start":{"line":192,"column":8},"end":{"line":192,"column":48}},"56":{"start":{"line":195,"column":8},"end":{"line":195,"column":41}},"57":{"start":{"line":199,"column":8},"end":{"line":199,"column":52}},"58":{"start":{"line":201,"column":8},"end":{"line":201,"column":15}},"59":{"start":{"line":202,"column":8},"end":{"line":202,"column":7218}},"60":{"start":{"line":206,"column":8},"end":{"line":206,"column":67}},"61":{"start":{"line":207,"column":8},"end":{"line":207,"column":67}},"62":{"start":{"line":208,"column":8},"end":{"line":208,"column":68}},"63":{"start":{"line":209,"column":8},"end":{"line":209,"column":68}},"64":{"start":{"line":210,"column":8},"end":{"line":210,"column":56}},"65":{"start":{"line":211,"column":8},"end":{"line":211,"column":56}},"66":{"start":{"line":213,"column":8},"end":{"line":213,"column":67}},"67":{"start":{"line":214,"column":8},"end":{"line":214,"column":67}},"68":{"start":{"line":215,"column":8},"end":{"line":215,"column":62}},"69":{"start":{"line":219,"column":8},"end":{"line":219,"column":47}},"70":{"start":{"line":220,"column":8},"end":{"line":220,"column":17}},"71":{"start":{"line":221,"column":8},"end":{"line":221,"column":8130}},"72":{"start":{"line":222,"column":12},"end":{"line":222,"column":79}},"73":{"start":{"line":223,"column":12},"end":{"line":223,"column":8289}},"74":{"start":{"line":224,"column":16},"end":{"line":224,"column":59}},"75":{"start":{"line":226,"column":16},"end":{"line":226,"column":35}},"76":{"start":{"line":230,"column":8},"end":{"line":230,"column":59}},"77":{"start":{"line":230,"column":39},"end":{"line":230,"column":58}},"78":{"start":{"line":231,"column":8},"end":{"line":231,"column":67}},"79":{"start":{"line":237,"column":8},"end":{"line":237,"column":47}},"80":{"start":{"line":238,"column":8},"end":{"line":238,"column":8789}}},"branchMap":{"1":{"line":105,"type":"if","locations":[{"start":{"line":105,"column":8},"end":{"line":105,"column":8}},{"start":{"line":105,"column":8},"end":{"line":105,"column":8}}]},"2":{"line":127,"type":"if","locations":[{"start":{"line":127,"column":8},"end":{"line":127,"column":8}},{"start":{"line":127,"column":8},"end":{"line":127,"column":8}}]},"3":{"line":133,"type":"if","locations":[{"start":{"line":133,"column":8},"end":{"line":133,"column":8}},{"start":{"line":133,"column":8},"end":{"line":133,"column":8}}]},"4":{"line":163,"type":"if","locations":[{"start":{"line":163,"column":8},"end":{"line":163,"column":8}},{"start":{"line":163,"column":8},"end":{"line":163,"column":8}}]},"5":{"line":167,"type":"if","locations":[{"start":{"line":167,"column":8},"end":{"line":167,"column":8}},{"start":{"line":167,"column":8},"end":{"line":167,"column":8}}]},"6":{"line":223,"type":"if","locations":[{"start":{"line":223,"column":12},"end":{"line":223,"column":12}},{"start":{"line":223,"column":12},"end":{"line":223,"column":12}}]},"7":{"line":230,"type":"if","locations":[{"start":{"line":230,"column":8},"end":{"line":230,"column":8}},{"start":{"line":230,"column":8},"end":{"line":230,"column":8}}]}}}}
