TN:
SF:D:\Work\Git\yield-farming\yield-farming\contracts\ERC20Mock.sol
FN:7,constructor
FN:9,mint
FNF:2
FNH:2
FNDA:99,constructor
FNDA:20,mint
DA:10,20
LF:1
LH:1
BRF:0
BRH:0
end_of_record
TN:
SF:D:\Work\Git\yield-farming\yield-farming\contracts\FarmingYield.sol
FN:53,constructor
FN:75,pendingReward
FN:85,update
FN:107,deposit
FN:141,getFundInfo
FN:151,withdraw
FN:183,claim
FNF:7
FNH:7
FNDA:33,constructor
FNDA:6,pendingReward
FNDA:14,update
FNDA:11,deposit
FNDA:3,getFundInfo
FNDA:4,withdraw
FNDA:2,claim
DA:63,33
DA:64,33
DA:65,33
DA:66,33
DA:67,33
DA:68,33
DA:69,33
DA:70,33
DA:71,33
DA:72,33
DA:78,6
DA:79,6
DA:86,14
DA:88,14
DA:89,8
DA:90,8
DA:92,6
DA:93,6
DA:94,6
DA:96,6
DA:97,6
DA:98,6
DA:101,6
DA:104,6
DA:108,11
DA:109,10
DA:110,10
DA:111,10
DA:112,2
DA:115,2
DA:116,2
DA:117,2
DA:121,2
DA:127,10
DA:128,10
DA:129,10
DA:131,10
DA:133,10
DA:134,10
DA:135,10
DA:136,10
DA:137,10
DA:138,10
DA:142,3
DA:143,3
DA:144,3
DA:145,4
DA:146,4
DA:148,3
DA:152,4
DA:153,3
DA:158,3
DA:159,3
DA:160,2
DA:161,2
DA:164,2
DA:165,2
DA:167,2
DA:171,2
DA:176,2
DA:177,2
DA:178,2
DA:179,2
DA:180,2
DA:184,2
DA:185,2
DA:186,2
DA:190,2
DA:191,2
DA:192,2
DA:193,2
DA:194,2
DA:198,2
DA:203,2
DA:204,2
DA:205,2
LF:76
LH:76
BRDA:88,1,0,8
BRDA:88,1,1,6
BRDA:108,2,0,10
BRDA:108,2,1,1
BRDA:111,3,0,2
BRDA:111,3,1,8
BRDA:146,4,0,1
BRDA:146,4,1,3
BRDA:152,5,0,3
BRDA:152,5,1,1
BRDA:159,6,0,2
BRDA:159,6,1,1
BRF:12
BRH:12
end_of_record
