TN:
SF:D:\Work\Git\yield-farming\yield-farming\contracts\ERC20Mock.sol
FN:7,constructor
FN:9,mint
FNF:2
FNH:2
FNDA:117,constructor
FNDA:74,mint
DA:10,74
LF:1
LH:1
BRF:0
BRH:0
end_of_record
TN:
SF:D:\Work\Git\yield-farming\yield-farming\contracts\FarmingYield.sol
FN:51,constructor
FN:73,optimize
FN:100,update
FN:124,deposit
FN:160,withdraw
FN:193,claim
FN:213,getFundInfo
FN:224,pendingReward
FNF:8
FNH:8
FNDA:39,constructor
FNDA:40,optimize
FNDA:39,update
FNDA:31,deposit
FNDA:9,withdraw
FNDA:2,claim
FNDA:8,getFundInfo
FNDA:26,pendingReward
DA:61,39
DA:62,39
DA:63,39
DA:64,39
DA:65,39
DA:66,39
DA:67,39
DA:68,39
DA:69,39
DA:70,39
DA:74,40
DA:75,40
DA:76,40
DA:77,40
DA:78,18
DA:79,18
DA:80,42
DA:81,42
DA:82,16
DA:83,16
DA:85,26
DA:88,18
DA:89,5
DA:90,5
DA:91,5
DA:92,9
DA:93,9
DA:97,5
DA:101,39
DA:103,39
DA:104,10
DA:105,10
DA:107,29
DA:108,29
DA:109,29
DA:111,29
DA:112,29
DA:113,29
DA:117,29
DA:121,29
DA:125,31
DA:126,30
DA:127,30
DA:129,30
DA:131,30
DA:132,17
DA:135,17
DA:136,17
DA:137,17
DA:141,17
DA:147,30
DA:148,30
DA:149,30
DA:151,30
DA:153,30
DA:154,30
DA:155,30
DA:156,30
DA:157,30
DA:161,9
DA:162,8
DA:163,8
DA:164,8
DA:165,8
DA:170,7
DA:171,7
DA:174,7
DA:175,7
DA:176,7
DA:180,7
DA:185,7
DA:186,7
DA:187,7
DA:188,7
DA:189,7
DA:190,7
DA:194,2
DA:195,2
DA:196,2
DA:197,2
DA:201,2
DA:202,2
DA:203,2
DA:204,2
DA:205,2
DA:206,2
DA:208,2
DA:209,2
DA:210,2
DA:214,8
DA:215,8
DA:216,8
DA:217,19
DA:218,19
DA:219,11
DA:221,8
DA:227,26
DA:228,26
LF:98
LH:98
BRDA:77,1,0,22
BRDA:77,1,1,18
BRDA:81,2,0,16
BRDA:81,2,1,26
BRDA:88,3,0,13
BRDA:88,3,1,5
BRDA:103,4,0,10
BRDA:103,4,1,29
BRDA:125,5,0,30
BRDA:125,5,1,1
BRDA:131,6,0,17
BRDA:131,6,1,13
BRDA:161,7,0,8
BRDA:161,7,1,1
BRDA:165,8,0,7
BRDA:165,8,1,1
BRDA:218,9,0,11
BRDA:218,9,1,8
BRF:18
BRH:18
end_of_record
